<?xml version="1.0" encoding="UTF-8"?>
<testng-results ignored="0" total="1" passed="1" failed="0" skipped="0">
  <reporter-output>
    <line>
      <![CDATA[Login Successful]]>
    </line>
  </reporter-output>
  <suite started-at="2025-02-12T14:58:09 IST" name="Default suite" finished-at="2025-02-12T14:58:17 IST" duration-ms="8431">
    <groups>
    </groups>
    <test started-at="2025-02-12T14:58:09 IST" name="Default test" finished-at="2025-02-12T14:58:17 IST" duration-ms="8431">
      <class name="com.MPOS.TestClass01_Login.Logout">
        <test-method is-config="true" signature="initialization()[pri:0, instance:com.MPOS.TestClass01_Login.Logout@59474f18]" started-at="2025-02-12T14:58:06 IST" name="initialization" finished-at="2025-02-12T14:58:09 IST" duration-ms="2821" status="PASS">
          <reporter-output>
          </reporter-output>
        </test-method> <!-- initialization -->
        <test-method signature="Logout()[pri:0, instance:com.MPOS.TestClass01_Login.Logout@59474f18]" started-at="2025-02-12T14:58:09 IST" name="Logout" finished-at="2025-02-12T14:58:17 IST" duration-ms="8388" status="PASS">
          <reporter-output>
            <line>
              <![CDATA[Login Successful]]>
            </line>
          </reporter-output>
        </test-method> <!-- Logout -->
        <test-method is-config="true" signature="tearDown()[pri:0, instance:com.MPOS.TestClass01_Login.Logout@59474f18]" started-at="2025-02-12T14:58:17 IST" name="tearDown" finished-at="2025-02-12T14:58:18 IST" duration-ms="417" status="PASS">
          <reporter-output>
          </reporter-output>
        </test-method> <!-- tearDown -->
      </class> <!-- com.MPOS.TestClass01_Login.Logout -->
    </test> <!-- Default test -->
  </suite> <!-- Default suite -->
</testng-results>
