<?xml version="1.0" encoding="UTF-8"?>
<!-- Generated by org.testng.reporters.JUnitReportReporter -->
<testsuite hostname="DESKTOP-JAJI5AF" failures="0" tests="1" name="com.MPOS.TestClass03_Create.createDepartment" time="13.707" errors="0" timestamp="2025-02-10T16:22:21 IST" skipped="0">
  <testcase classname="com.MPOS.TestClass03_Create.createDepartment" name="CreateDepartment" time="13.707"/>
  <system-out>
    <![CDATA[Login Successful]]>
  </system-out>
</testsuite> <!-- com.MPOS.TestClass03_Create.createDepartment -->
