<?xml version="1.0" encoding="UTF-8"?>
<!-- Generated by org.testng.reporters.JUnitReportReporter -->
<testsuite hostname="DESKTOP-JAJI5AF" failures="0" tests="1" name="com.MPOS.TestClass02_CreateNewUser.CreateNewUser" time="26.122" errors="0" timestamp="2025-02-11T10:03:21 IST" skipped="0">
  <testcase classname="com.MPOS.TestClass02_CreateNewUser.CreateNewUser" name="createnewuser" time="26.122"/>
  <system-out>
    <![CDATA[Login Successful]]>
  </system-out>
</testsuite> <!-- com.MPOS.TestClass02_CreateNewUser.CreateNewUser -->
